
================================================================================
WALK-IN HEALTHCARE CLINIC SIMULATION
ISE 5424 Fall 2025 Project
================================================================================

================================================================================
SCENARIO: 75 patients/day, 8% trauma
Staffing: Triage=1, Registration=2, Exam=3, Trauma=4, Treatment=3
================================================================================

Results from 30 replications:

Metric                               Mean   Half-Width   95% CI Lower   95% CI Upper
--------------------------------------------------------------------------------
SignInTriage Wait Time (min)         0.78         0.15           0.63           0.92
Registration Wait Time (min)         0.09         0.04           0.05           0.13
Examination Wait Time (min)          0.32         0.13           0.20           0.45
Trauma Wait Time (min)               0.11         0.22          -0.11           0.33
Treatment Wait Time (min)            0.07         0.06           0.01           0.13

Utilization                   
SignInTriage Utilization           19.17%        1.16%         18.01%         20.32%
Registration Utilization           14.70%        0.61%         14.09%         15.31%
Examination Utilization            31.30%        1.30%         29.99%         32.60%
Trauma Utilization                 10.08%        2.61%          7.48%         12.69%
Treatment Utilization              20.06%        1.13%         18.93%         21.19%

Total Arrivals                       74.3         2.28          72.05          76.61

Service Level Requirements Check:
  Sign-in/Triage (very fast):            PASS
  Trauma Wait (<5 min):                  PASS
  Registration (15-20 min acceptable):   PASS
  Examination (15-20 min acceptable):    PASS
  Treatment (15-20 min acceptable):      PASS

================================================================================
SCENARIO: 75 patients/day, 10% trauma
Staffing: Triage=1, Registration=2, Exam=3, Trauma=4, Treatment=3
================================================================================

Results from 30 replications:

Metric                               Mean   Half-Width   95% CI Lower   95% CI Upper
--------------------------------------------------------------------------------
SignInTriage Wait Time (min)         0.73         0.14           0.59           0.87
Registration Wait Time (min)         0.08         0.02           0.06           0.11
Examination Wait Time (min)          0.39         0.13           0.27           0.52
Trauma Wait Time (min)               0.01         0.03          -0.01           0.04
Treatment Wait Time (min)            0.09         0.05           0.04           0.15

Utilization                   
SignInTriage Utilization           19.51%        1.45%         18.05%         20.96%
Registration Utilization           14.54%        0.90%         13.64%         15.44%
Examination Utilization            31.13%        1.79%         29.33%         32.92%
Trauma Utilization                 16.24%        3.11%         13.13%         19.35%
Treatment Utilization              22.75%        1.67%         21.08%         24.42%

Total Arrivals                       77.2         3.67          73.57          80.90

Service Level Requirements Check:
  Sign-in/Triage (very fast):            PASS
  Trauma Wait (<5 min):                  PASS
  Registration (15-20 min acceptable):   PASS
  Examination (15-20 min acceptable):    PASS
  Treatment (15-20 min acceptable):      PASS

================================================================================
SCENARIO: 75 patients/day, 12% trauma
Staffing: Triage=1, Registration=2, Exam=3, Trauma=4, Treatment=3
================================================================================

Results from 30 replications:

Metric                               Mean   Half-Width   95% CI Lower   95% CI Upper
--------------------------------------------------------------------------------
SignInTriage Wait Time (min)         0.73         0.16           0.57           0.89
Registration Wait Time (min)         0.10         0.05           0.05           0.14
Examination Wait Time (min)          0.33         0.11           0.22           0.45
Trauma Wait Time (min)               0.14         0.20          -0.06           0.34
Treatment Wait Time (min)            0.08         0.05           0.03           0.13

Utilization                   
SignInTriage Utilization           18.10%        1.02%         17.08%         19.11%
Registration Utilization           13.81%        0.63%         13.18%         14.44%
Examination Utilization            29.77%        1.40%         28.37%         31.17%
Trauma Utilization                 18.41%        3.96%         14.44%         22.37%
Treatment Utilization              22.61%        1.42%         21.19%         24.03%

Total Arrivals                       74.8         3.11          71.66          77.88

Service Level Requirements Check:
  Sign-in/Triage (very fast):            PASS
  Trauma Wait (<5 min):                  PASS
  Registration (15-20 min acceptable):   PASS
  Examination (15-20 min acceptable):    PASS
  Treatment (15-20 min acceptable):      PASS

================================================================================
SCENARIO: 150 patients/day, 8% trauma
Staffing: Triage=2, Registration=4, Exam=6, Trauma=4, Treatment=5
================================================================================

Results from 30 replications:

Metric                               Mean   Half-Width   95% CI Lower   95% CI Upper
--------------------------------------------------------------------------------
SignInTriage Wait Time (min)         0.15         0.05           0.10           0.20
Registration Wait Time (min)         0.01         0.00           0.00           0.01
Examination Wait Time (min)          0.05         0.02           0.03           0.08
Trauma Wait Time (min)               0.08         0.10          -0.01           0.18
Treatment Wait Time (min)            0.03         0.02           0.01           0.06

Utilization                   
SignInTriage Utilization           19.38%        0.89%         18.49%         20.27%
Registration Utilization           14.80%        0.55%         14.25%         15.34%
Examination Utilization            31.47%        1.15%         30.32%         32.62%
Trauma Utilization                 23.02%        3.56%         19.46%         26.58%
Treatment Utilization              24.76%        1.00%         23.76%         25.77%

Total Arrivals                      153.2         4.57         148.66         157.80

Service Level Requirements Check:
  Sign-in/Triage (very fast):            PASS
  Trauma Wait (<5 min):                  PASS
  Registration (15-20 min acceptable):   PASS
  Examination (15-20 min acceptable):    PASS
  Treatment (15-20 min acceptable):      PASS

================================================================================
SCENARIO: 150 patients/day, 10% trauma
Staffing: Triage=2, Registration=4, Exam=6, Trauma=4, Treatment=5
================================================================================

Results from 30 replications:

Metric                               Mean   Half-Width   95% CI Lower   95% CI Upper
--------------------------------------------------------------------------------
SignInTriage Wait Time (min)         0.14         0.03           0.10           0.17
Registration Wait Time (min)         0.00         0.00           0.00           0.00
Examination Wait Time (min)          0.05         0.02           0.03           0.07
Trauma Wait Time (min)               1.01         1.11          -0.09           2.12
Treatment Wait Time (min)            0.05         0.03           0.02           0.09

Utilization                   
SignInTriage Utilization           18.72%        0.84%         17.88%         19.56%
Registration Utilization           14.07%        0.65%         13.42%         14.72%
Examination Utilization            30.13%        1.37%         28.76%         31.50%
Trauma Utilization                 30.53%        4.23%         26.31%         34.76%
Treatment Utilization              25.27%        1.41%         23.86%         26.68%

Total Arrivals                      152.7         4.91         147.82         157.65

Service Level Requirements Check:
  Sign-in/Triage (very fast):            PASS
  Trauma Wait (<5 min):                  PASS
  Registration (15-20 min acceptable):   PASS
  Examination (15-20 min acceptable):    PASS
  Treatment (15-20 min acceptable):      PASS

================================================================================
SCENARIO: 150 patients/day, 12% trauma
Staffing: Triage=2, Registration=4, Exam=6, Trauma=4, Treatment=5
================================================================================

Results from 30 replications:

Metric                               Mean   Half-Width   95% CI Lower   95% CI Upper
--------------------------------------------------------------------------------
SignInTriage Wait Time (min)         0.11         0.02           0.09           0.13
Registration Wait Time (min)         0.00         0.00           0.00           0.01
Examination Wait Time (min)          0.03         0.02           0.02           0.05
Trauma Wait Time (min)               1.60         1.13           0.47           2.74
Treatment Wait Time (min)            0.03         0.02           0.01           0.04

Utilization                   
SignInTriage Utilization           18.39%        0.84%         17.55%         19.23%
Registration Utilization           13.44%        0.61%         12.83%         14.04%
Examination Utilization            28.77%        1.31%         27.46%         30.09%
Trauma Utilization                 33.18%        3.63%         29.55%         36.82%
Treatment Utilization              25.88%        1.29%         24.59%         27.17%

Total Arrivals                      148.8         4.81         144.03         153.64

Service Level Requirements Check:
  Sign-in/Triage (very fast):            PASS
  Trauma Wait (<5 min):                  PASS
  Registration (15-20 min acceptable):   PASS
  Examination (15-20 min acceptable):    PASS
  Treatment (15-20 min acceptable):      PASS

================================================================================
SCENARIO: 225 patients/day, 8% trauma
Staffing: Triage=4, Registration=6, Exam=9, Trauma=7, Treatment=7
================================================================================

Results from 30 replications:

Metric                               Mean   Half-Width   95% CI Lower   95% CI Upper
--------------------------------------------------------------------------------
SignInTriage Wait Time (min)         0.00         0.00           0.00           0.00
Registration Wait Time (min)         0.00         0.00          -0.00           0.00
Examination Wait Time (min)          0.00         0.00          -0.00           0.01
Trauma Wait Time (min)               0.00         0.00           0.00           0.00
Treatment Wait Time (min)            0.00         0.00          -0.00           0.01

Utilization                   
SignInTriage Utilization           14.08%        0.71%         13.37%         14.79%
Registration Utilization           14.66%        0.55%         14.10%         15.21%
Examination Utilization            31.36%        1.16%         30.20%         32.52%
Trauma Utilization                 20.25%        2.03%         18.22%         22.27%
Treatment Utilization              26.60%        0.99%         25.61%         27.59%

Total Arrivals                      226.2         6.39         219.81         232.59

Service Level Requirements Check:
  Sign-in/Triage (very fast):            PASS
  Trauma Wait (<5 min):                  PASS
  Registration (15-20 min acceptable):   PASS
  Examination (15-20 min acceptable):    PASS
  Treatment (15-20 min acceptable):      PASS

================================================================================
SCENARIO: 225 patients/day, 10% trauma
Staffing: Triage=4, Registration=6, Exam=9, Trauma=7, Treatment=7
================================================================================

Results from 30 replications:

Metric                               Mean   Half-Width   95% CI Lower   95% CI Upper
--------------------------------------------------------------------------------
SignInTriage Wait Time (min)         0.00         0.00           0.00           0.01
Registration Wait Time (min)         0.00         0.00          -0.00           0.00
Examination Wait Time (min)          0.02         0.02          -0.00           0.05
Trauma Wait Time (min)               0.00         0.00           0.00           0.00
Treatment Wait Time (min)            0.02         0.01           0.01           0.03

Utilization                   
SignInTriage Utilization           13.97%        0.64%         13.33%         14.60%
Registration Utilization           13.91%        0.62%         13.29%         14.54%
Examination Utilization            29.71%        1.30%         28.41%         31.00%
Trauma Utilization                 23.56%        1.36%         22.20%         24.92%
Treatment Utilization              26.63%        1.01%         25.62%         27.64%

Total Arrivals                      229.6         5.08         224.52         234.68

Service Level Requirements Check:
  Sign-in/Triage (very fast):            PASS
  Trauma Wait (<5 min):                  PASS
  Registration (15-20 min acceptable):   PASS
  Examination (15-20 min acceptable):    PASS
  Treatment (15-20 min acceptable):      PASS

================================================================================
SCENARIO: 225 patients/day, 12% trauma
Staffing: Triage=4, Registration=6, Exam=9, Trauma=7, Treatment=7
================================================================================

Results from 30 replications:

Metric                               Mean   Half-Width   95% CI Lower   95% CI Upper
--------------------------------------------------------------------------------
SignInTriage Wait Time (min)         0.00         0.00           0.00           0.01
Registration Wait Time (min)         0.00         0.00          -0.00           0.00
Examination Wait Time (min)          0.01         0.02          -0.00           0.03
Trauma Wait Time (min)               0.37         0.68          -0.31           1.05
Treatment Wait Time (min)            0.03         0.02           0.01           0.04

Utilization                   
SignInTriage Utilization           13.78%        0.57%         13.21%         14.34%
Registration Utilization           13.55%        0.54%         13.01%         14.08%
Examination Utilization            28.65%        1.10%         27.55%         29.74%
Trauma Utilization                 28.38%        3.02%         25.36%         31.40%
Treatment Utilization              27.59%        1.23%         26.36%         28.82%

Total Arrivals                      229.8         6.28         223.49         236.04

Service Level Requirements Check:
  Sign-in/Triage (very fast):            PASS
  Trauma Wait (<5 min):                  PASS
  Registration (15-20 min acceptable):   PASS
  Examination (15-20 min acceptable):    PASS
  Treatment (15-20 min acceptable):      PASS

================================================================================
SIMULATION COMPLETE
================================================================================
