
================================================================================
OPTIMIZING STAFFING FOR 75 patients/day, 10% trauma
================================================================================

Testing baseline configuration (Total Staff: 12)...

================================================================================
SCENARIO: 75 patients/day, 10% trauma
Staffing: Triage=2, Registration=2, Exam=3, Trauma=2, Treatment=3
================================================================================

Results from 30 replications:

Metric                               Mean   Half-Width   95% CI Lower   95% CI Upper
--------------------------------------------------------------------------------
SignInTriage Wait Time (min)         0.03         0.01           0.02           0.05
Registration Wait Time (min)         0.09         0.04           0.05           0.13
Examination Wait Time (min)          0.32         0.11           0.21           0.44
Trauma Wait Time (min)               7.55         6.82           0.74          14.37
Treatment Wait Time (min)            0.06         0.04           0.02           0.10

Utilization                   
SignInTriage Utilization            9.64%        0.58%          9.06%         10.22%
Registration Utilization           14.47%        0.56%         13.91%         15.04%
Examination Utilization            30.82%        1.15%         29.67%         31.97%
Trauma Utilization                 26.59%        5.36%         21.23%         31.95%
Treatment Utilization              21.05%        1.07%         19.99%         22.12%

Total Arrivals                       74.3         2.28          72.05          76.61

Service Level Requirements Check:
  Sign-in/Triage (very fast):            PASS
  Trauma Wait (<5 min):                  PASS
  Registration (15-20 min acceptable):   PASS
  Examination (15-20 min acceptable):    PASS
  Treatment (15-20 min acceptable):      PASS

Testing with reduced SignInTriage: 1 (Total: 11)...

================================================================================
SCENARIO: 75 patients/day, 10% trauma
Staffing: Triage=1, Registration=2, Exam=3, Trauma=2, Treatment=3
================================================================================

Results from 20 replications:

Metric                               Mean   Half-Width   95% CI Lower   95% CI Upper
--------------------------------------------------------------------------------
SignInTriage Wait Time (min)         0.80         0.18           0.61           0.98
Registration Wait Time (min)         0.09         0.02           0.07           0.11
Examination Wait Time (min)          0.45         0.17           0.28           0.62
Trauma Wait Time (min)               6.44         4.09           2.35          10.53
Treatment Wait Time (min)            0.22         0.15           0.07           0.38

Utilization                   
SignInTriage Utilization           20.32%        1.70%         18.63%         22.02%
Registration Utilization           14.57%        0.88%         13.69%         15.45%
Examination Utilization            31.27%        1.88%         29.39%         33.15%
Trauma Utilization                 35.03%        7.68%         27.35%         42.71%
Treatment Utilization              23.74%        1.83%         21.91%         25.57%

Total Arrivals                       77.4         4.31          73.09          81.71

Service Level Requirements Check:
  Sign-in/Triage (very fast):            PASS
  Trauma Wait (<5 min):                  PASS
  Registration (15-20 min acceptable):   PASS
  Examination (15-20 min acceptable):    PASS
  Treatment (15-20 min acceptable):      PASS
  ✓ Still meets requirements with SignInTriage = 1

Testing with reduced Registration: 1 (Total: 11)...

================================================================================
SCENARIO: 75 patients/day, 10% trauma
Staffing: Triage=2, Registration=1, Exam=3, Trauma=2, Treatment=3
================================================================================

Results from 20 replications:

Metric                               Mean   Half-Width   95% CI Lower   95% CI Upper
--------------------------------------------------------------------------------
SignInTriage Wait Time (min)         0.02         0.02           0.00           0.04
Registration Wait Time (min)         1.07         0.17           0.91           1.24
Examination Wait Time (min)          0.13         0.06           0.08           0.19
Trauma Wait Time (min)               6.44         9.72          -3.28          16.16
Treatment Wait Time (min)            0.13         0.23          -0.10           0.36

Utilization                   
SignInTriage Utilization            8.62%        0.75%          7.88%          9.37%
Registration Utilization           27.79%        1.81%         25.98%         29.61%
Examination Utilization            29.86%        1.91%         27.95%         31.77%
Trauma Utilization                 29.14%        7.90%         21.24%         37.04%
Treatment Utilization              21.36%        1.90%         19.46%         23.25%

Total Arrivals                       75.2         4.37          70.78          79.52

Service Level Requirements Check:
  Sign-in/Triage (very fast):            PASS
  Trauma Wait (<5 min):                  PASS
  Registration (15-20 min acceptable):   PASS
  Examination (15-20 min acceptable):    PASS
  Treatment (15-20 min acceptable):      PASS
  ✓ Still meets requirements with Registration = 1

Testing with reduced Examination: 2 (Total: 11)...

================================================================================
SCENARIO: 75 patients/day, 10% trauma
Staffing: Triage=2, Registration=2, Exam=2, Trauma=2, Treatment=3
================================================================================

Results from 20 replications:

Metric                               Mean   Half-Width   95% CI Lower   95% CI Upper
--------------------------------------------------------------------------------
SignInTriage Wait Time (min)         0.04         0.04           0.00           0.08
Registration Wait Time (min)         0.08         0.05           0.03           0.14
Examination Wait Time (min)          2.40         0.79           1.61           3.19
Trauma Wait Time (min)               6.28         4.97           1.31          11.25
Treatment Wait Time (min)            0.07         0.06           0.01           0.13

Utilization                   
SignInTriage Utilization            9.58%        0.65%          8.93%         10.23%
Registration Utilization           14.71%        0.90%         13.82%         15.61%
Examination Utilization            47.44%        3.05%         44.38%         50.49%
Trauma Utilization                 29.83%        6.17%         23.66%         36.00%
Treatment Utilization              21.95%        1.72%         20.23%         23.67%

Total Arrivals                       75.5         4.26          71.19          79.71

Service Level Requirements Check:
  Sign-in/Triage (very fast):            PASS
  Trauma Wait (<5 min):                  PASS
  Registration (15-20 min acceptable):   PASS
  Examination (15-20 min acceptable):    PASS
  Treatment (15-20 min acceptable):      PASS
  ✓ Still meets requirements with Examination = 2

Testing with reduced Trauma: 1 (Total: 11)...

================================================================================
SCENARIO: 75 patients/day, 10% trauma
Staffing: Triage=2, Registration=2, Exam=3, Trauma=1, Treatment=3
================================================================================

Results from 20 replications:

Metric                               Mean   Half-Width   95% CI Lower   95% CI Upper
--------------------------------------------------------------------------------
SignInTriage Wait Time (min)         0.05         0.02           0.02           0.07
Registration Wait Time (min)         0.09         0.03           0.06           0.12
Examination Wait Time (min)          0.49         0.17           0.32           0.65
Trauma Wait Time (min)              70.19        43.68          26.51         113.88
Treatment Wait Time (min)            0.10         0.05           0.04           0.15

Utilization                   
SignInTriage Utilization            9.60%        0.93%          8.67%         10.52%
Registration Utilization           14.10%        1.33%         12.77%         15.44%
Examination Utilization            30.20%        2.75%         27.45%         32.94%
Trauma Utilization                 54.72%        7.72%         47.01%         62.44%
Treatment Utilization              20.85%        1.63%         19.21%         22.48%

Total Arrivals                       77.8         3.81          73.94          81.56

Service Level Requirements Check:
  Sign-in/Triage (very fast):            PASS
  Trauma Wait (<5 min):                  FAIL
  Registration (15-20 min acceptable):   PASS
  Examination (15-20 min acceptable):    PASS
  Treatment (15-20 min acceptable):      PASS
  ✗ Does not meet requirements with Trauma = 1

Testing with reduced Treatment: 2 (Total: 11)...

================================================================================
SCENARIO: 75 patients/day, 10% trauma
Staffing: Triage=2, Registration=2, Exam=3, Trauma=2, Treatment=2
================================================================================

Results from 20 replications:

Metric                               Mean   Half-Width   95% CI Lower   95% CI Upper
--------------------------------------------------------------------------------
SignInTriage Wait Time (min)         0.05         0.02           0.03           0.07
Registration Wait Time (min)         0.09         0.04           0.05           0.14
Examination Wait Time (min)          0.47         0.16           0.31           0.63
Trauma Wait Time (min)               2.60         2.27           0.33           4.87
Treatment Wait Time (min)            1.40         0.45           0.95           1.85

Utilization                   
SignInTriage Utilization           10.30%        0.66%          9.65%         10.96%
Registration Utilization           14.94%        0.86%         14.07%         15.80%
Examination Utilization            31.58%        1.68%         29.89%         33.26%
Trauma Utilization                 26.62%        4.08%         22.54%         30.69%
Treatment Utilization              35.03%        2.64%         32.38%         37.67%

Total Arrivals                       77.2         4.30          72.90          81.50

Service Level Requirements Check:
  Sign-in/Triage (very fast):            PASS
  Trauma Wait (<5 min):                  PASS
  Registration (15-20 min acceptable):   PASS
  Examination (15-20 min acceptable):    PASS
  Treatment (15-20 min acceptable):      PASS
  ✓ Still meets requirements with Treatment = 2

================================================================================
OPTIMAL CONFIGURATION (Total Staff: 11)
================================================================================
  SignInTriage: 1
  Registration: 2
  Examination: 3
  Trauma: 2
  Treatment: 3

================================================================================
OPTIMIZING STAFFING FOR 150 patients/day, 10% trauma
================================================================================

Testing baseline configuration (Total Staff: 21)...

================================================================================
SCENARIO: 150 patients/day, 10% trauma
Staffing: Triage=3, Registration=4, Exam=6, Trauma=3, Treatment=5
================================================================================

Results from 30 replications:

Metric                               Mean   Half-Width   95% CI Lower   95% CI Upper
--------------------------------------------------------------------------------
SignInTriage Wait Time (min)         0.01         0.01           0.00           0.01
Registration Wait Time (min)         0.00         0.00           0.00           0.00
Examination Wait Time (min)          0.04         0.02           0.02           0.07
Trauma Wait Time (min)               7.58         4.32           3.26          11.89
Treatment Wait Time (min)            0.04         0.02           0.01           0.06

Utilization                   
SignInTriage Utilization           12.28%        0.63%         11.65%         12.90%
Registration Utilization           13.98%        0.63%         13.35%         14.61%
Examination Utilization            29.83%        1.38%         28.45%         31.22%
Trauma Utilization                 41.78%        4.89%         36.89%         46.67%
Treatment Utilization              24.82%        1.42%         23.40%         26.24%

Total Arrivals                      152.4         5.06         147.38         157.49

Service Level Requirements Check:
  Sign-in/Triage (very fast):            PASS
  Trauma Wait (<5 min):                  PASS
  Registration (15-20 min acceptable):   PASS
  Examination (15-20 min acceptable):    PASS
  Treatment (15-20 min acceptable):      PASS

Testing with reduced SignInTriage: 2 (Total: 20)...

================================================================================
SCENARIO: 150 patients/day, 10% trauma
Staffing: Triage=2, Registration=4, Exam=6, Trauma=3, Treatment=5
================================================================================

Results from 20 replications:

Metric                               Mean   Half-Width   95% CI Lower   95% CI Upper
--------------------------------------------------------------------------------
SignInTriage Wait Time (min)         0.11         0.02           0.09           0.14
Registration Wait Time (min)         0.00         0.00          -0.00           0.01
Examination Wait Time (min)          0.05         0.03           0.02           0.08
Trauma Wait Time (min)               6.69         8.45          -1.76          15.14
Treatment Wait Time (min)            0.03         0.02           0.01           0.05

Utilization                   
SignInTriage Utilization           18.57%        1.14%         17.43%         19.71%
Registration Utilization           14.21%        0.94%         13.27%         15.15%
Examination Utilization            30.49%        1.91%         28.59%         32.40%
Trauma Utilization                 37.00%        5.57%         31.44%         42.57%
Treatment Utilization              25.19%        1.72%         23.47%         26.91%

Total Arrivals                      153.0         7.39         145.61         160.39

Service Level Requirements Check:
  Sign-in/Triage (very fast):            PASS
  Trauma Wait (<5 min):                  PASS
  Registration (15-20 min acceptable):   PASS
  Examination (15-20 min acceptable):    PASS
  Treatment (15-20 min acceptable):      PASS
  ✓ Still meets requirements with SignInTriage = 2

Testing with reduced Registration: 3 (Total: 20)...

================================================================================
SCENARIO: 150 patients/day, 10% trauma
Staffing: Triage=3, Registration=3, Exam=6, Trauma=3, Treatment=5
================================================================================

Results from 20 replications:

Metric                               Mean   Half-Width   95% CI Lower   95% CI Upper
--------------------------------------------------------------------------------
SignInTriage Wait Time (min)         0.01         0.01           0.00           0.02
Registration Wait Time (min)         0.04         0.02           0.02           0.06
Examination Wait Time (min)          0.02         0.02           0.01           0.04
Trauma Wait Time (min)               4.63         4.79          -0.15           9.42
Treatment Wait Time (min)            0.02         0.02           0.00           0.04

Utilization                   
SignInTriage Utilization           12.37%        0.84%         11.52%         13.21%
Registration Utilization           18.26%        1.17%         17.09%         19.44%
Examination Utilization            29.29%        1.85%         27.44%         31.15%
Trauma Utilization                 37.09%        5.45%         31.64%         42.53%
Treatment Utilization              24.90%        1.94%         22.96%         26.84%

Total Arrivals                      146.8         5.34         141.46         152.14

Service Level Requirements Check:
  Sign-in/Triage (very fast):            PASS
  Trauma Wait (<5 min):                  PASS
  Registration (15-20 min acceptable):   PASS
  Examination (15-20 min acceptable):    PASS
  Treatment (15-20 min acceptable):      PASS
  ✓ Still meets requirements with Registration = 3

Testing with reduced Examination: 5 (Total: 20)...

================================================================================
SCENARIO: 150 patients/day, 10% trauma
Staffing: Triage=3, Registration=4, Exam=5, Trauma=3, Treatment=5
================================================================================

Results from 20 replications:

Metric                               Mean   Half-Width   95% CI Lower   95% CI Upper
--------------------------------------------------------------------------------
SignInTriage Wait Time (min)         0.01         0.01           0.00           0.02
Registration Wait Time (min)         0.00         0.00          -0.00           0.00
Examination Wait Time (min)          0.16         0.06           0.10           0.22
Trauma Wait Time (min)               3.27         2.92           0.35           6.18
Treatment Wait Time (min)            0.02         0.02           0.00           0.04

Utilization                   
SignInTriage Utilization           13.04%        1.02%         12.02%         14.05%
Registration Utilization           14.76%        0.97%         13.80%         15.73%
Examination Utilization            37.77%        2.51%         35.26%         40.28%
Trauma Utilization                 36.29%        6.60%         29.69%         42.89%
Treatment Utilization              26.31%        1.58%         24.72%         27.89%

Total Arrivals                      151.5         7.56         143.94         159.06

Service Level Requirements Check:
  Sign-in/Triage (very fast):            PASS
  Trauma Wait (<5 min):                  PASS
  Registration (15-20 min acceptable):   PASS
  Examination (15-20 min acceptable):    PASS
  Treatment (15-20 min acceptable):      PASS
  ✓ Still meets requirements with Examination = 5

Testing with reduced Trauma: 2 (Total: 20)...

================================================================================
SCENARIO: 150 patients/day, 10% trauma
Staffing: Triage=3, Registration=4, Exam=6, Trauma=2, Treatment=5
================================================================================

Results from 20 replications:

Metric                               Mean   Half-Width   95% CI Lower   95% CI Upper
--------------------------------------------------------------------------------
SignInTriage Wait Time (min)         0.01         0.00           0.00           0.01
Registration Wait Time (min)         0.00         0.00          -0.00           0.01
Examination Wait Time (min)          0.03         0.01           0.01           0.04
Trauma Wait Time (min)              42.98        28.04          14.94          71.02
Treatment Wait Time (min)            0.02         0.02          -0.00           0.04

Utilization                   
SignInTriage Utilization           11.34%        0.95%         10.39%         12.30%
Registration Utilization           13.08%        0.76%         12.32%         13.84%
Examination Utilization            28.00%        1.66%         26.34%         29.66%
Trauma Utilization                 56.71%        6.98%         49.73%         63.68%
Treatment Utilization              24.13%        1.62%         22.51%         25.75%

Total Arrivals                      151.7         5.27         146.43         156.97

Service Level Requirements Check:
  Sign-in/Triage (very fast):            PASS
  Trauma Wait (<5 min):                  FAIL
  Registration (15-20 min acceptable):   PASS
  Examination (15-20 min acceptable):    PASS
  Treatment (15-20 min acceptable):      PASS
  ✗ Does not meet requirements with Trauma = 2

Testing with reduced Treatment: 4 (Total: 20)...

================================================================================
SCENARIO: 150 patients/day, 10% trauma
Staffing: Triage=3, Registration=4, Exam=6, Trauma=3, Treatment=4
================================================================================

Results from 20 replications:

Metric                               Mean   Half-Width   95% CI Lower   95% CI Upper
--------------------------------------------------------------------------------
SignInTriage Wait Time (min)         0.01         0.00           0.00           0.01
Registration Wait Time (min)         0.00         0.00          -0.00           0.01
Examination Wait Time (min)          0.07         0.07          -0.01           0.14
Trauma Wait Time (min)               7.47         4.64           2.83          12.12
Treatment Wait Time (min)            0.21         0.10           0.11           0.31

Utilization                   
SignInTriage Utilization           12.02%        0.86%         11.16%         12.88%
Registration Utilization           13.69%        0.65%         13.04%         14.34%
Examination Utilization            29.10%        1.51%         27.58%         30.61%
Trauma Utilization                 39.95%        4.94%         35.02%         44.89%
Treatment Utilization              30.88%        1.77%         29.11%         32.66%

Total Arrivals                      149.2         5.82         143.33         154.97

Service Level Requirements Check:
  Sign-in/Triage (very fast):            PASS
  Trauma Wait (<5 min):                  PASS
  Registration (15-20 min acceptable):   PASS
  Examination (15-20 min acceptable):    PASS
  Treatment (15-20 min acceptable):      PASS
  ✓ Still meets requirements with Treatment = 4

================================================================================
OPTIMAL CONFIGURATION (Total Staff: 20)
================================================================================
  SignInTriage: 2
  Registration: 4
  Examination: 6
  Trauma: 3
  Treatment: 5

================================================================================
OPTIMIZING STAFFING FOR 225 patients/day, 10% trauma
================================================================================

Testing baseline configuration (Total Staff: 31)...

================================================================================
SCENARIO: 225 patients/day, 10% trauma
Staffing: Triage=4, Registration=6, Exam=9, Trauma=4, Treatment=8
================================================================================

Results from 30 replications:

Metric                               Mean   Half-Width   95% CI Lower   95% CI Upper
--------------------------------------------------------------------------------
SignInTriage Wait Time (min)         0.00         0.00           0.00           0.01
Registration Wait Time (min)         0.00         0.00          -0.00           0.00
Examination Wait Time (min)          0.03         0.03           0.00           0.06
Trauma Wait Time (min)               2.32         1.26           1.06           3.58
Treatment Wait Time (min)            0.00         0.00          -0.00           0.00

Utilization                   
SignInTriage Utilization           14.07%        0.50%         13.57%         14.57%
Registration Utilization           14.05%        0.47%         13.58%         14.52%
Examination Utilization            30.05%        1.00%         29.05%         31.06%
Trauma Utilization                 38.71%        3.52%         35.19%         42.22%
Treatment Utilization              23.48%        0.94%         22.54%         24.43%

Total Arrivals                      230.5         4.72         225.81         235.25

Service Level Requirements Check:
  Sign-in/Triage (very fast):            PASS
  Trauma Wait (<5 min):                  PASS
  Registration (15-20 min acceptable):   PASS
  Examination (15-20 min acceptable):    PASS
  Treatment (15-20 min acceptable):      PASS

Testing with reduced SignInTriage: 3 (Total: 30)...

================================================================================
SCENARIO: 225 patients/day, 10% trauma
Staffing: Triage=3, Registration=6, Exam=9, Trauma=4, Treatment=8
================================================================================

Results from 20 replications:

Metric                               Mean   Half-Width   95% CI Lower   95% CI Upper
--------------------------------------------------------------------------------
SignInTriage Wait Time (min)         0.04         0.01           0.02           0.05
Registration Wait Time (min)         0.00         0.00          -0.00           0.00
Examination Wait Time (min)          0.01         0.02          -0.00           0.03
Trauma Wait Time (min)               6.53         4.81           1.71          11.34
Treatment Wait Time (min)            0.00         0.01          -0.00           0.01

Utilization                   
SignInTriage Utilization           18.06%        1.26%         16.81%         19.32%
Registration Utilization           13.52%        0.87%         12.64%         14.39%
Examination Utilization            28.53%        1.76%         26.77%         30.29%
Trauma Utilization                 44.38%        5.50%         38.89%         49.88%
Treatment Utilization              22.72%        1.60%         21.12%         24.31%

Total Arrivals                      230.9         6.96         223.99         237.91

Service Level Requirements Check:
  Sign-in/Triage (very fast):            PASS
  Trauma Wait (<5 min):                  PASS
  Registration (15-20 min acceptable):   PASS
  Examination (15-20 min acceptable):    PASS
  Treatment (15-20 min acceptable):      PASS
  ✓ Still meets requirements with SignInTriage = 3

Testing with reduced Registration: 5 (Total: 30)...

================================================================================
SCENARIO: 225 patients/day, 10% trauma
Staffing: Triage=4, Registration=5, Exam=9, Trauma=4, Treatment=8
================================================================================

Results from 20 replications:

Metric                               Mean   Half-Width   95% CI Lower   95% CI Upper
--------------------------------------------------------------------------------
SignInTriage Wait Time (min)         0.00         0.00           0.00           0.01
Registration Wait Time (min)         0.00         0.00          -0.00           0.00
Examination Wait Time (min)          0.01         0.01          -0.00           0.01
Trauma Wait Time (min)               3.96         3.19           0.78           7.15
Treatment Wait Time (min)            0.00         0.00          -0.00           0.01

Utilization                   
SignInTriage Utilization           13.84%        0.85%         12.99%         14.69%
Registration Utilization           16.71%        0.78%         15.93%         17.49%
Examination Utilization            29.74%        1.42%         28.31%         31.16%
Trauma Utilization                 41.59%        4.64%         36.95%         46.24%
Treatment Utilization              23.76%        1.09%         22.67%         24.85%

Total Arrivals                      226.9         6.85         220.10         233.80

Service Level Requirements Check:
  Sign-in/Triage (very fast):            PASS
  Trauma Wait (<5 min):                  PASS
  Registration (15-20 min acceptable):   PASS
  Examination (15-20 min acceptable):    PASS
  Treatment (15-20 min acceptable):      PASS
  ✓ Still meets requirements with Registration = 5

Testing with reduced Examination: 8 (Total: 30)...

================================================================================
SCENARIO: 225 patients/day, 10% trauma
Staffing: Triage=4, Registration=6, Exam=8, Trauma=4, Treatment=8
================================================================================

Results from 20 replications:

Metric                               Mean   Half-Width   95% CI Lower   95% CI Upper
--------------------------------------------------------------------------------
SignInTriage Wait Time (min)         0.00         0.00           0.00           0.01
Registration Wait Time (min)         0.00         0.00          -0.00           0.00
Examination Wait Time (min)          0.02         0.02           0.00           0.04
Trauma Wait Time (min)              12.63         9.01           3.63          21.64
Treatment Wait Time (min)            0.00         0.00          -0.00           0.00

Utilization                   
SignInTriage Utilization           14.71%        0.84%         13.88%         15.55%
Registration Utilization           14.27%        0.63%         13.64%         14.90%
Examination Utilization            34.09%        1.49%         32.60%         35.57%
Trauma Utilization                 47.89%        6.54%         41.35%         54.43%
Treatment Utilization              25.02%        1.32%         23.69%         26.34%

Total Arrivals                      230.8         6.13         224.67         236.93

Service Level Requirements Check:
  Sign-in/Triage (very fast):            PASS
  Trauma Wait (<5 min):                  PASS
  Registration (15-20 min acceptable):   PASS
  Examination (15-20 min acceptable):    PASS
  Treatment (15-20 min acceptable):      PASS
  ✓ Still meets requirements with Examination = 8

Testing with reduced Trauma: 3 (Total: 30)...

================================================================================
SCENARIO: 225 patients/day, 10% trauma
Staffing: Triage=4, Registration=6, Exam=9, Trauma=3, Treatment=8
================================================================================

Results from 20 replications:

Metric                               Mean   Half-Width   95% CI Lower   95% CI Upper
--------------------------------------------------------------------------------
SignInTriage Wait Time (min)         0.01         0.01           0.00           0.01
Registration Wait Time (min)         0.00         0.00          -0.00           0.00
Examination Wait Time (min)          0.03         0.04          -0.01           0.06
Trauma Wait Time (min)              42.49        34.16           8.33          76.66
Treatment Wait Time (min)            0.01         0.01          -0.00           0.01

Utilization                   
SignInTriage Utilization           13.61%        1.02%         12.59%         14.63%
Registration Utilization           13.04%        0.90%         12.13%         13.94%
Examination Utilization            27.94%        1.95%         25.99%         29.89%
Trauma Utilization                 63.66%        7.00%         56.66%         70.66%
Treatment Utilization              23.08%        1.47%         21.61%         24.54%

Total Arrivals                      224.9         5.52         219.43         230.47

Service Level Requirements Check:
  Sign-in/Triage (very fast):            PASS
  Trauma Wait (<5 min):                  FAIL
  Registration (15-20 min acceptable):   PASS
  Examination (15-20 min acceptable):    PASS
  Treatment (15-20 min acceptable):      PASS
  ✗ Does not meet requirements with Trauma = 3

Testing with reduced Treatment: 7 (Total: 30)...

================================================================================
SCENARIO: 225 patients/day, 10% trauma
Staffing: Triage=4, Registration=6, Exam=9, Trauma=4, Treatment=7
================================================================================

Results from 20 replications:

Metric                               Mean   Half-Width   95% CI Lower   95% CI Upper
--------------------------------------------------------------------------------
SignInTriage Wait Time (min)         0.00         0.00           0.00           0.00
Registration Wait Time (min)         0.00         0.00           0.00           0.00
Examination Wait Time (min)          0.02         0.01           0.00           0.03
Trauma Wait Time (min)               3.37         2.54           0.83           5.91
Treatment Wait Time (min)            0.01         0.01           0.00           0.02

Utilization                   
SignInTriage Utilization           13.82%        0.70%         13.12%         14.53%
Registration Utilization           14.15%        0.59%         13.56%         14.74%
Examination Utilization            29.99%        1.24%         28.75%         31.23%
Trauma Utilization                 43.32%        5.53%         37.79%         48.84%
Treatment Utilization              27.15%        1.30%         25.86%         28.45%

Total Arrivals                      228.8         6.10         222.65         234.85

Service Level Requirements Check:
  Sign-in/Triage (very fast):            PASS
  Trauma Wait (<5 min):                  PASS
  Registration (15-20 min acceptable):   PASS
  Examination (15-20 min acceptable):    PASS
  Treatment (15-20 min acceptable):      PASS
  ✓ Still meets requirements with Treatment = 7

================================================================================
OPTIMAL CONFIGURATION (Total Staff: 30)
================================================================================
  SignInTriage: 3
  Registration: 6
  Examination: 9
  Trauma: 4
  Treatment: 8

================================================================================
OPTIMIZING STAFFING FOR 225 patients/day, 12% trauma
================================================================================

Testing baseline configuration (Total Staff: 31)...

================================================================================
SCENARIO: 225 patients/day, 12% trauma
Staffing: Triage=4, Registration=6, Exam=9, Trauma=4, Treatment=8
================================================================================

Results from 30 replications:

Metric                               Mean   Half-Width   95% CI Lower   95% CI Upper
--------------------------------------------------------------------------------
SignInTriage Wait Time (min)         0.00         0.00           0.00           0.00
Registration Wait Time (min)         0.00         0.00          -0.00           0.00
Examination Wait Time (min)          0.00         0.00          -0.00           0.01
Trauma Wait Time (min)               6.69         2.96           3.73           9.64
Treatment Wait Time (min)            0.00         0.00          -0.00           0.00

Utilization                   
SignInTriage Utilization           13.56%        0.78%         12.78%         14.35%
Registration Utilization           13.20%        0.74%         12.47%         13.94%
Examination Utilization            28.15%        1.51%         26.63%         29.66%
Trauma Utilization                 47.76%        4.23%         43.53%         51.98%
Treatment Utilization              23.84%        1.45%         22.39%         25.30%

Total Arrivals                      225.1         5.43         219.63         230.50

Service Level Requirements Check:
  Sign-in/Triage (very fast):            PASS
  Trauma Wait (<5 min):                  PASS
  Registration (15-20 min acceptable):   PASS
  Examination (15-20 min acceptable):    PASS
  Treatment (15-20 min acceptable):      PASS

Testing with reduced SignInTriage: 3 (Total: 30)...

================================================================================
SCENARIO: 225 patients/day, 12% trauma
Staffing: Triage=3, Registration=6, Exam=9, Trauma=4, Treatment=8
================================================================================

Results from 20 replications:

Metric                               Mean   Half-Width   95% CI Lower   95% CI Upper
--------------------------------------------------------------------------------
SignInTriage Wait Time (min)         0.04         0.02           0.02           0.06
Registration Wait Time (min)         0.00         0.00          -0.00           0.00
Examination Wait Time (min)          0.01         0.01          -0.00           0.01
Trauma Wait Time (min)              11.68         8.93           2.75          20.60
Treatment Wait Time (min)            0.01         0.01           0.00           0.02

Utilization                   
SignInTriage Utilization           18.74%        1.46%         17.28%         20.20%
Registration Utilization           13.60%        0.73%         12.87%         14.33%
Examination Utilization            28.92%        1.58%         27.34%         30.50%
Trauma Utilization                 49.87%        6.68%         43.19%         56.56%
Treatment Utilization              24.74%        1.63%         23.11%         26.37%

Total Arrivals                      227.2         7.65         219.50         234.80

Service Level Requirements Check:
  Sign-in/Triage (very fast):            PASS
  Trauma Wait (<5 min):                  PASS
  Registration (15-20 min acceptable):   PASS
  Examination (15-20 min acceptable):    PASS
  Treatment (15-20 min acceptable):      PASS
  ✓ Still meets requirements with SignInTriage = 3

Testing with reduced Registration: 5 (Total: 30)...

================================================================================
SCENARIO: 225 patients/day, 12% trauma
Staffing: Triage=4, Registration=5, Exam=9, Trauma=4, Treatment=8
================================================================================

Results from 20 replications:

Metric                               Mean   Half-Width   95% CI Lower   95% CI Upper
--------------------------------------------------------------------------------
SignInTriage Wait Time (min)         0.01         0.01          -0.00           0.01
Registration Wait Time (min)         0.00         0.00           0.00           0.01
Examination Wait Time (min)          0.00         0.00          -0.00           0.01
Trauma Wait Time (min)              10.90         8.77           2.13          19.67
Treatment Wait Time (min)            0.00         0.00          -0.00           0.00

Utilization                   
SignInTriage Utilization           13.79%        0.81%         12.98%         14.61%
Registration Utilization           16.23%        0.83%         15.40%         17.06%
Examination Utilization            28.73%        1.53%         27.20%         30.26%
Trauma Utilization                 50.36%        6.11%         44.25%         56.47%
Treatment Utilization              25.29%        1.24%         24.05%         26.54%

Total Arrivals                      225.6         7.75         217.85         233.35

Service Level Requirements Check:
  Sign-in/Triage (very fast):            PASS
  Trauma Wait (<5 min):                  PASS
  Registration (15-20 min acceptable):   PASS
  Examination (15-20 min acceptable):    PASS
  Treatment (15-20 min acceptable):      PASS
  ✓ Still meets requirements with Registration = 5

Testing with reduced Examination: 8 (Total: 30)...

================================================================================
SCENARIO: 225 patients/day, 12% trauma
Staffing: Triage=4, Registration=6, Exam=8, Trauma=4, Treatment=8
================================================================================

Results from 20 replications:

Metric                               Mean   Half-Width   95% CI Lower   95% CI Upper
--------------------------------------------------------------------------------
SignInTriage Wait Time (min)         0.00         0.00           0.00           0.01
Registration Wait Time (min)         0.00         0.00           0.00           0.00
Examination Wait Time (min)          0.02         0.01           0.00           0.03
Trauma Wait Time (min)              14.27        13.41           0.86          27.68
Treatment Wait Time (min)            0.00         0.00          -0.00           0.01

Utilization                   
SignInTriage Utilization           14.00%        0.58%         13.43%         14.58%
Registration Utilization           13.70%        0.63%         13.07%         14.32%
Examination Utilization            33.03%        1.51%         31.52%         34.54%
Trauma Utilization                 46.52%        5.41%         41.11%         51.93%
Treatment Utilization              24.80%        1.17%         23.64%         25.97%

Total Arrivals                      231.8         5.97         225.78         237.72

Service Level Requirements Check:
  Sign-in/Triage (very fast):            PASS
  Trauma Wait (<5 min):                  PASS
  Registration (15-20 min acceptable):   PASS
  Examination (15-20 min acceptable):    PASS
  Treatment (15-20 min acceptable):      PASS
  ✓ Still meets requirements with Examination = 8

Testing with reduced Trauma: 3 (Total: 30)...

================================================================================
SCENARIO: 225 patients/day, 12% trauma
Staffing: Triage=4, Registration=6, Exam=9, Trauma=3, Treatment=8
================================================================================

Results from 20 replications:

Metric                               Mean   Half-Width   95% CI Lower   95% CI Upper
--------------------------------------------------------------------------------
SignInTriage Wait Time (min)         0.00         0.00           0.00           0.01
Registration Wait Time (min)         0.00         0.00          -0.00           0.00
Examination Wait Time (min)          0.00         0.00          -0.00           0.01
Trauma Wait Time (min)              45.91        20.61          25.29          66.52
Treatment Wait Time (min)            0.01         0.01          -0.00           0.01

Utilization                   
SignInTriage Utilization           13.17%        0.74%         12.42%         13.91%
Registration Utilization           12.83%        0.72%         12.11%         13.56%
Examination Utilization            27.25%        1.47%         25.78%         28.73%
Trauma Utilization                 66.32%        6.71%         59.60%         73.03%
Treatment Utilization              23.87%        0.90%         22.97%         24.77%

Total Arrivals                      230.1         6.30         223.75         236.35

Service Level Requirements Check:
  Sign-in/Triage (very fast):            PASS
  Trauma Wait (<5 min):                  FAIL
  Registration (15-20 min acceptable):   PASS
  Examination (15-20 min acceptable):    PASS
  Treatment (15-20 min acceptable):      PASS
  ✗ Does not meet requirements with Trauma = 3

Testing with reduced Treatment: 7 (Total: 30)...

================================================================================
SCENARIO: 225 patients/day, 12% trauma
Staffing: Triage=4, Registration=6, Exam=9, Trauma=4, Treatment=7
================================================================================

Results from 20 replications:

Metric                               Mean   Half-Width   95% CI Lower   95% CI Upper
--------------------------------------------------------------------------------
SignInTriage Wait Time (min)         0.01         0.00           0.00           0.01
Registration Wait Time (min)         0.00         0.00          -0.00           0.00
Examination Wait Time (min)          0.01         0.01          -0.01           0.02
Trauma Wait Time (min)               8.93         6.05           2.88          14.99
Treatment Wait Time (min)            0.02         0.02           0.00           0.05

Utilization                   
SignInTriage Utilization           13.72%        0.84%         12.88%         14.56%
Registration Utilization           13.24%        0.74%         12.49%         13.98%
Examination Utilization            28.39%        1.60%         26.79%         29.99%
Trauma Utilization                 53.23%        5.11%         48.12%         58.34%
Treatment Utilization              28.02%        1.82%         26.19%         29.84%

Total Arrivals                      228.3         5.40         222.90         233.70

Service Level Requirements Check:
  Sign-in/Triage (very fast):            PASS
  Trauma Wait (<5 min):                  PASS
  Registration (15-20 min acceptable):   PASS
  Examination (15-20 min acceptable):    PASS
  Treatment (15-20 min acceptable):      PASS
  ✓ Still meets requirements with Treatment = 7

================================================================================
OPTIMAL CONFIGURATION (Total Staff: 30)
================================================================================
  SignInTriage: 3
  Registration: 6
  Examination: 9
  Trauma: 4
  Treatment: 8


================================================================================
OPTIMIZATION COMPLETE - SUMMARY OF OPTIMAL STAFFING
================================================================================

75 patients/day, 10% trauma (Total: 11 staff):
  SignInTriage: 1
  Registration: 2
  Examination: 3
  Trauma: 2
  Treatment: 3

150 patients/day, 10% trauma (Total: 20 staff):
  SignInTriage: 2
  Registration: 4
  Examination: 6
  Trauma: 3
  Treatment: 5

225 patients/day, 10% trauma (Total: 30 staff):
  SignInTriage: 3
  Registration: 6
  Examination: 9
  Trauma: 4
  Treatment: 8

225 patients/day, 12% trauma (Total: 30 staff):
  SignInTriage: 3
  Registration: 6
  Examination: 9
  Trauma: 4
  Treatment: 8

================================================================================
RELAXED SERVICE LEVEL ANALYSIS
================================================================================

Testing with relaxed requirements:
  - Sign-in/Triage: < 5 minutes (was 'very fast')
  - Trauma: < 8 minutes (was < 5 minutes)
  - Others: 20-25 minutes acceptable (was 15-20 minutes)

(Implementation requires modifying CheckServiceLevels function)
